<?xml version="1.0" encoding="UTF-8"?>
<!-- Generated by org.testng.reporters.JUnitXMLReporter -->
<testsuite hostname="Draxayani-PC" name="17" tests="3" failures="0" timestamp="24 Jul 2014 11:34:46 GMT" time="678.757" errors="0">
  <testcase name="verify" time="129.374" classname="com.adv.qa.selenium.tests.currency.phase2.A090_PM_Company_Controls_For_AuthorisationTest"/>
  <testcase name="verify" time="297.532" classname="com.adv.qa.selenium.tests.currency.phase2.A091_SuppliersTest"/>
  <testcase name="verify" time="652.938" classname="com.adv.qa.selenium.tests.currency.phase2.A088_Authorisation_By_Val_Or_GL_ResponsibilityTest"/>
</testsuite> <!-- 17 -->
