<?xml version="1.0" encoding="UTF-8"?>
<!-- Generated by org.testng.reporters.JUnitXMLReporter -->
<testsuite hostname="ChetnaM-PC" ignored="0" name="suite19" tests="4" failures="0" timestamp="05 Jul 2017 17:26:26 GMT" time="789.016" errors="0">
  <testcase name="verify" time="287.744" classname="com.adv.qa.selenium.tests.currency.A033_Analysis_CodeTest"/>
  <testcase name="verify" time="133.016" classname="com.adv.qa.selenium.tests.currency.A035_Structure_RebuildTest"/>
  <testcase name="verify" time="183.73" classname="com.adv.qa.selenium.tests.currency.A036_BTZ_Elements_For_ICA_StructureTest"/>
  <testcase name="verify" time="135.359" classname="com.adv.qa.selenium.tests.currency.A037_ICA_Default_Trading_RelationshipsTest"/>
</testsuite> <!-- suite19 -->
