<?xml version="1.0" encoding="UTF-8"?>
<!-- Generated by org.testng.reporters.JUnitXMLReporter -->
<testsuite hostname="ChetnaM-PC" ignored="0" name="suite15" tests="3" failures="0" timestamp="24 May 2017 15:10:58 GMT" time="756.462" errors="0">
  <testcase name="verify" time="345.459" classname="com.adv.qa.selenium.tests.currency.phase2.A081_Authorisation_Groupings_For_PMTest"/>
  <testcase name="verify" time="392.647" classname="com.adv.qa.selenium.tests.currency.phase2.A081A_Authorisation_Groupings_For_PMTest"/>
  <testcase name="verify" time="336.128" classname="com.adv.qa.selenium.tests.currency.phase2.A082_Authorisation_StructuresTest"/>
</testsuite> <!-- suite15 -->
