<?xml version="1.0" encoding="UTF-8"?>
<!-- Generated by org.testng.reporters.JUnitXMLReporter -->
<testsuite hostname="Draxayani-PC" name="suite33" tests="2" failures="0" timestamp="5 Sep 2014 08:06:08 GMT" time="194.683" errors="0">
  <testcase name="verify" time="172.8" classname="com.adv.qa.selenium.tests.currency.phase2.A078A_Authorisation_Control_Codes_For_APTest"/>
  <testcase name="verify" time="170.32" classname="com.adv.qa.selenium.tests.currency.phase2.A078_Authorisation_Control_Codes_For_APTest"/>
</testsuite> <!-- suite33 -->
