<?xml version="1.0" encoding="UTF-8"?>
<!-- Generated by org.testng.reporters.JUnitXMLReporter -->
<testsuite hostname="Draxayani-PC" name="suite26" tests="2" failures="0" timestamp="5 Sep 2014 07:26:30 GMT" time="123.714" errors="0">
  <testcase name="verify" time="99.848" classname="com.adv.qa.selenium.tests.currency.phase2.A065_CP_Company_ControlsTest"/>
  <testcase name="verify" time="96.246" classname="com.adv.qa.selenium.tests.currency.phase2.A066_Accrual_Control_CodeTest"/>
</testsuite> <!-- suite26 -->
