<?xml version="1.0" encoding="UTF-8"?>
<!-- Generated by org.testng.reporters.JUnitXMLReporter -->
<testsuite hostname="ChetnaM-PC" ignored="0" name="suite7" tests="2" failures="0" timestamp="06 Jul 2017 15:23:01 GMT" time="365.895" errors="0">
  <testcase name="verify" time="236.958" classname="com.adv.qa.selenium.tests.currency.A014_Account_Code_DefinitionTest"/>
  <testcase name="verify" time="104.208" classname="com.adv.qa.selenium.tests.currency.A015_BalanceSheetTest"/>
</testsuite> <!-- suite7 -->
