<?xml version="1.0" encoding="UTF-8"?>
<!-- Generated by org.testng.reporters.JUnitXMLReporter -->
<testsuite hostname="Draxayani-PC" name="suite38" tests="2" failures="0" timestamp="5 Sep 2014 08:35:58 GMT" time="584.815" errors="0">
  <testcase name="verify" time="400.438" classname="com.adv.qa.selenium.tests.currency.phase2.A086_Authorisation_By_GL_ResponsibilityTest"/>
  <testcase name="verify" time="550.461" classname="com.adv.qa.selenium.tests.currency.phase2.A085_Authorisation_By_Value_LevelTest"/>
</testsuite> <!-- suite38 -->
