<?xml version="1.0" encoding="UTF-8"?>
<!-- Generated by org.testng.reporters.JUnitXMLReporter -->
<testsuite hostname="Draxayani-PC" name="suite82" tests="3" failures="0" timestamp="8 Jul 2014 07:13:10 GMT" time="951.151" errors="0">
  <testcase name="verify" time="156.259" classname="com.adv.qa.selenium.tests.currency.phase2.A082_Authorisation_StructuresTest"/>
  <testcase name="verify" time="393.037" classname="com.adv.qa.selenium.tests.currency.phase2.A083_Structure_AuthorisersTest"/>
  <testcase name="verify" time="334.191" classname="com.adv.qa.selenium.tests.currency.phase2.A083A_Structure_AuthorisersTest"/>
</testsuite> <!-- suite82 -->
