<?xml version="1.0" encoding="UTF-8"?>
<!-- Generated by org.testng.reporters.JUnitXMLReporter -->
<testsuite hostname="ChetnaM-PC" ignored="0" name="suite13" tests="2" failures="0" timestamp="06 Jul 2017 16:59:31 GMT" time="1156.728" errors="0">
  <testcase name="verify" time="544.97" classname="com.adv.qa.selenium.tests.currency.A018F_Ledger_Control_Nominals"/>
  <testcase name="verify" time="586.684" classname="com.adv.qa.selenium.tests.currency.A018G_Ledger_Control_Nominals"/>
</testsuite> <!-- suite13 -->
