<?xml version="1.0" encoding="UTF-8"?>
<!-- Generated by org.testng.reporters.JUnitXMLReporter -->
<testsuite hostname="ChetnaM-PC" ignored="0" name="suite12" tests="2" failures="0" timestamp="06 Jul 2017 16:40:14 GMT" time="1238.916" errors="0">
  <testcase name="verify" time="635.025" classname="com.adv.qa.selenium.tests.currency.A018C_Ledger_Control_Nominals"/>
  <testcase name="verify" time="580.043" classname="com.adv.qa.selenium.tests.currency.A018E_Ledger_Control_Nominals"/>
</testsuite> <!-- suite12 -->
